[debug] [2021-08-27T19:31:33.879Z] ----------------------------------------------------------------------
[debug] [2021-08-27T19:31:33.884Z] Command:       C:\Program Files\nodejs\node.exe C:\Users\ISHIMWE\AppData\Roaming\npm\node_modules\firebase-tools\lib\bin\firebase.js init
[debug] [2021-08-27T19:31:33.886Z] CLI Version:   9.16.6
[debug] [2021-08-27T19:31:33.887Z] Platform:      win32
[debug] [2021-08-27T19:31:33.887Z] Node Version:  v14.17.0
[debug] [2021-08-27T19:31:33.890Z] Time:          Fri Aug 27 2021 21:31:33 GMT+0200 (Eastern European Standard Time)
[debug] [2021-08-27T19:31:33.890Z] ----------------------------------------------------------------------
[debug] 
[debug] [2021-08-27T19:31:34.096Z] > command requires scopes: ["email","openid","https://www.googleapis.com/auth/cloudplatformprojects.readonly","https://www.googleapis.com/auth/firebase","https://www.googleapis.com/auth/cloud-platform"]
[debug] [2021-08-27T19:31:34.096Z] > authorizing via signed-in user (isbernard2001@gmail.com)
[info] 
     ######## #### ########  ######## ########     ###     ######  ########
     ##        ##  ##     ## ##       ##     ##  ##   ##  ##       ##
     ######    ##  ########  ######   ########  #########  ######  ######
     ##        ##  ##    ##  ##       ##     ## ##     ##       ## ##
     ##       #### ##     ## ######## ########  ##     ##  ######  ########

You're about to initialize a Firebase project in this directory:

  C:\Users\ISHIMWE\Documents\Code#\songa-website

Before we get started, keep in mind:

  * You are initializing within an existing Firebase project directory

[info] 
=== Project Setup
[info] 
[info] First, let's associate this project directory with a Firebase project.
[info] You can create multiple project aliases by running firebase use --add, 
[info] but for now we'll just set up a default project.
[info] 
[info] i  .firebaserc already has a default project, using songa-logistics. 
[debug] [2021-08-27T19:31:42.559Z] > refreshing access token with scopes: []
[debug] [2021-08-27T19:31:42.561Z] >>> HTTP REQUEST POST https://www.googleapis.com/oauth2/v3/token  
 <request body omitted>
[debug] [2021-08-27T19:31:43.300Z] <<< HTTP RESPONSE 200 {"pragma":"no-cache","date":"Fri, 27 Aug 2021 19:31:44 GMT","cache-control":"no-cache, no-store, max-age=0, must-revalidate","expires":"Mon, 01 Jan 1990 00:00:00 GMT","content-type":"application/json; charset=utf-8","vary":"X-Origin, Referer, Origin,Accept-Encoding","server":"scaffolding on HTTPServer2","x-xss-protection":"0","x-frame-options":"SAMEORIGIN","x-content-type-options":"nosniff","alt-svc":"h3=\":443\"; ma=2592000,h3-29=\":443\"; ma=2592000,h3-T051=\":443\"; ma=2592000,h3-Q050=\":443\"; ma=2592000,h3-Q046=\":443\"; ma=2592000,h3-Q043=\":443\"; ma=2592000,quic=\":443\"; ma=2592000; v=\"46,43\"","accept-ranges":"none","transfer-encoding":"chunked"}
[debug] [2021-08-27T19:31:43.407Z] >>> [apiv2][query] GET https://firebase.googleapis.com/v1beta1/projects/songa-logistics [none]
[debug] [2021-08-27T19:31:46.335Z] <<< [apiv2][status] GET https://firebase.googleapis.com/v1beta1/projects/songa-logistics 200
[debug] [2021-08-27T19:31:46.335Z] <<< [apiv2][body] GET https://firebase.googleapis.com/v1beta1/projects/songa-logistics {"projectId":"songa-logistics","projectNumber":"20734912200","displayName":"songa-logistics","name":"projects/songa-logistics","resources":{"hostingSite":"songa-logistics"},"state":"ACTIVE"}
[info] 
=== Hosting:github Setup
[info] 
[info] i  Didn't detect a .git folder. Assuming C:\Users\ISHIMWE\Documents\Code#\songa-website is the project root. 
[info] i  Authorizing with GitHub to upload your service account to a GitHub repository's secrets store. 
[info] 
[info] Visit this URL on this device to log in:
[info] https://github.com/login/oauth/authorize?client_id=89cf50f02ac6aaed3484&state=189421210&redirect_uri=http%3A%2F%2Flocalhost%3A9005&scope=read%3Auser%20repo%20public_repo
[info] 
[info] Waiting for authentication...
[debug] [2021-08-27T19:31:50.915Z] >>> HTTP REQUEST POST https://github.com/login/oauth/access_token  
 {"client_id":"89cf50f02ac6aaed3484","client_secret":"3330d14abc895d9a74d5f17cd7a00711fa2c5bf0","code":"3f20e2c4a55da14c73ea","redirect_uri":"http://localhost:9005","state":"189421210"}
[debug] [2021-08-27T19:31:51.936Z] <<< HTTP RESPONSE 200 {"server":"GitHub.com","date":"Fri, 27 Aug 2021 19:31:53 GMT","content-type":"application/json; charset=utf-8","transfer-encoding":"chunked","vary":"X-PJAX, X-PJAX-Container, Accept-Encoding, Accept, X-Requested-With","permissions-policy":"interest-cohort=()","etag":"W/\"3fc22dcb9cb757b6f09e0b9c2d499db5\"","cache-control":"max-age=0, private, must-revalidate","strict-transport-security":"max-age=31536000; includeSubdomains; preload","x-frame-options":"deny","x-content-type-options":"nosniff","x-xss-protection":"0","referrer-policy":"origin-when-cross-origin, strict-origin-when-cross-origin","expect-ct":"max-age=2592000, report-uri=\"https://api.github.com/_private/browser/errors\"","content-security-policy":"default-src 'none'; base-uri 'self'; block-all-mixed-content; connect-src 'self' uploads.github.com www.githubstatus.com collector.githubapp.com api.github.com github-cloud.s3.amazonaws.com github-production-repository-file-5c1aeb.s3.amazonaws.com github-production-upload-manifest-file-7fdce7.s3.amazonaws.com github-production-user-asset-6210df.s3.amazonaws.com cdn.optimizely.com logx.optimizely.com/v1/events translator.github.com wss://alive.github.com; font-src github.githubassets.com; form-action 'self' github.com gist.github.com; frame-ancestors 'none'; frame-src render.githubusercontent.com viewscreen.githubusercontent.com; img-src 'self' data: github.githubassets.com identicons.github.com collector.githubapp.com github-cloud.s3.amazonaws.com secured-user-images.githubusercontent.com/ *.githubusercontent.com; manifest-src 'self'; media-src 'none'; script-src github.githubassets.com; style-src 'unsafe-inline' github.githubassets.com; worker-src github.com/socket-worker-b05e50fc.js gist.github.com/socket-worker-b05e50fc.js","x-github-request-id":"DE0F:137DC:3E87:A764A:61293DA8"}
[debug] [2021-08-27T19:31:51.991Z] >>> [apiv2][query] GET https://api.github.com/user [none]
[debug] [2021-08-27T19:31:53.119Z] <<< [apiv2][status] GET https://api.github.com/user 200
[debug] [2021-08-27T19:31:53.120Z] <<< [apiv2][body] GET https://api.github.com/user {"login":"ishimwebernard","id":71332125,"node_id":"MDQ6VXNlcjcxMzMyMTI1","avatar_url":"https://avatars.githubusercontent.com/u/71332125?v=4","gravatar_id":"","url":"https://api.github.com/users/ishimwebernard","html_url":"https://github.com/ishimwebernard","followers_url":"https://api.github.com/users/ishimwebernard/followers","following_url":"https://api.github.com/users/ishimwebernard/following{/other_user}","gists_url":"https://api.github.com/users/ishimwebernard/gists{/gist_id}","starred_url":"https://api.github.com/users/ishimwebernard/starred{/owner}{/repo}","subscriptions_url":"https://api.github.com/users/ishimwebernard/subscriptions","organizations_url":"https://api.github.com/users/ishimwebernard/orgs","repos_url":"https://api.github.com/users/ishimwebernard/repos","events_url":"https://api.github.com/users/ishimwebernard/events{/privacy}","received_events_url":"https://api.github.com/users/ishimwebernard/received_events","type":"User","site_admin":false,"name":"ISHIMWE Bernard","company":null,"blog":"https://bernardportfolio-b4ae9.web.app/","location":null,"email":null,"hireable":null,"bio":"I'm not a great programmer. I'm just a good programmer with great habits.","twitter_username":null,"public_repos":29,"public_gists":0,"followers":0,"following":1,"created_at":"2020-09-15T13:39:12Z","updated_at":"2021-07-28T14:59:54Z","private_gists":0,"total_private_repos":3,"owned_private_repos":3,"disk_usage":277364,"collaborators":0,"two_factor_authentication":false,"plan":{"name":"free","space":976562499,"collaborators":0,"private_repos":10000}}
[info] 
[info] +  Success! Logged into GitHub as ishimwebernard 
[info] 
[debug] [2021-08-27T19:32:05.588Z] >>> [apiv2][query] GET https://api.github.com/repos//actions/secrets/public-key type=owner
[debug] [2021-08-27T19:32:07.862Z] <<< [apiv2][status] GET https://api.github.com/repos//actions/secrets/public-key 404
[debug] [2021-08-27T19:32:07.862Z] <<< [apiv2][body] GET https://api.github.com/repos//actions/secrets/public-key {"message":"Not Found","documentation_url":"https://docs.github.com/rest"}
